!Engine                       | 2024-01-03 10:38:26,017 | INFO  | main                             | ===========================================================
!Engine                       | 2024-01-03 10:38:26,020 | INFO  | main                             | Web app home: /usr/local/tomcat/webapps/convertigo
!Engine                       | 2024-01-03 10:38:26,020 | INFO  | main                             | User workspace: /workspace
!Engine                       | 2024-01-03 10:38:26,020 | INFO  | main                             | Configuration path: /workspace/configuration
!Engine                       | 2024-01-03 10:38:26,020 | INFO  | main                             | Projects path: /workspace/projects
!Engine                       | 2024-01-03 10:38:26,020 | INFO  | main                             | Log: /workspace/logs
!Engine                       | 2024-01-03 10:38:26,021 | INFO  | main                             | *** STARTUP DIAGNOSTICS ***
!Engine                       | 2024-01-03 10:38:26,022 | INFO  | main                             | Detected OS: Linux (64 bits)
!Engine                       | 2024-01-03 10:38:26,022 | INFO  | main                             | WAR file name: convertigo-8.2.4.war
!Engine                       | 2024-01-03 10:38:26,022 | INFO  | main                             | System LD_LIBRARY_PATH: /usr/local/tomcat/native-jni-lib
!Engine                       | 2024-01-03 10:38:26,022 | INFO  | main                             | Java home: /opt/java/openjdk
!Engine                       | 2024-01-03 10:38:26,022 | INFO  | main                             | Java library path: /usr/local/tomcat/native-jni-lib:/usr/java/packages/lib:/usr/lib64:/lib64:/lib:/usr/lib
!Engine                       | 2024-01-03 10:38:26,022 | INFO  | main                             | Java working dir: /workspace
!Engine                       | 2024-01-03 10:38:26,023 | INFO  | main                             | Java running user: convertigo
!Engine                       | 2024-01-03 10:38:26,029 | INFO  | main                             | Whoami running user: convertigo
!Engine                       | 2024-01-03 10:38:26,029 | INFO  | main                             | Java user home: /home/convertigo
!Engine                       | 2024-01-03 10:38:26,030 | INFO  | main                             | System env HOME: /home/convertigo
!Engine                       | 2024-01-03 10:38:26,033 | INFO  | main                             | User home as defined in /etc/passwd: /home/convertigo
!Engine                       | 2024-01-03 10:38:26,034 | INFO  | main                             | System tmp dir: /usr/local/tomcat/temp
!Engine                       | 2024-01-03 10:38:26,034 | INFO  | main                             | *** ENVIRONMENT DIAGNOSTICS SUMMARY ***
 - WAR architecture ........................... OK
 - Test Java working directory write access ... OK
 - Running user ............................... OK
 - User home directory ........................ OK
 - Test user home directory write access ...... OK
 - System tmp directory write access .......... OK
 :::  Bravo! All environment tests succeeded :o)  :::
!Engine                       | 2024-01-03 10:38:26,034 | INFO  | main                             | ===========================================================
!Engine                       | 2024-01-03 10:38:26,035 | INFO  | main                             |  Convertigo Enterprise Mobility Server 8.2.4 (build 17382-8.2.4)
!Engine                       | 2024-01-03 10:38:26,035 | INFO  | main                             |     engine 8.2.4
!Engine                       | 2024-01-03 10:38:26,035 | INFO  | main                             |     beans 8.2.4.m006
!Engine                       | 2024-01-03 10:38:26,035 | INFO  | main                             | ===========================================================
!Engine                       | 2024-01-03 10:38:26,035 | INFO  | main                             | Start date: Wed Jan 03 10:38:26 UTC 2024
!Engine                       | 2024-01-03 10:38:26,036 | INFO  | main                             | Class loader: com.twinsoft.convertigo.engine.util.DirClassLoader@5dea38fa
!Engine                       | 2024-01-03 10:38:26,036 | INFO  | main                             | Java Runtime 17.0.9 (classes: 61.0, vendor: Eclipse Adoptium)
!Engine                       | 2024-01-03 10:38:26,036 | INFO  | main                             | Java XML engine: Xerces-J 2.12.2
!Engine                       | 2024-01-03 10:38:26,036 | INFO  | main                             | Java XSL engine: Xalan Java 2.7.2
!Engine                       | 2024-01-03 10:38:26,045 | INFO  | main                             | Symbols file "/workspace/configuration/global_symbols.properties" loaded! [0]
!Engine                       | 2024-01-03 10:38:26,051 | INFO  | main                             | (JdbcConnectionManager) Init done
!Engine                       | 2024-01-03 10:38:26,084 | INFO  | main                             | Loading Convertigo plugins properties from /workspace/configuration/plugins.properties
!Engine                       | 2024-01-03 10:38:26,085 | INFO  | main                             | Current working directory is '/workspace'.
!Engine                       | 2024-01-03 10:38:26,089 | INFO  | main                             | ===============================
!Engine                       | 2024-01-03 10:38:26,090 | INFO  | main                             |  KeyManager for Carioca Minime
!Engine                       | 2024-01-03 10:38:26,090 | INFO  | main                             | ===============================
!Engine                       | 2024-01-03 10:38:26,098 | INFO  | main                             | Key: CB89AFAD124EE85D-A137937CE25C19C9
!Engine                       | 2024-01-03 10:38:26,098 | INFO  | main                             |    Evaluation key
!Engine                       | 2024-01-03 10:38:26,099 | INFO  | main                             |    Add 1 connections for CouchDB
!Engine                       | 2024-01-03 10:38:26,099 | INFO  | main                             | Key: D92026B786F039AB-CB8A651B32C70C0D
!Engine                       | 2024-01-03 10:38:26,099 | INFO  | main                             |    Evaluation key
!Engine                       | 2024-01-03 10:38:26,099 | INFO  | main                             |    Add 5 connections for Unix (VT220)
!Engine                       | 2024-01-03 10:38:26,099 | INFO  | main                             | Key: 8B48B4C0004B90DA-8B56B2695423FF19
!Engine                       | 2024-01-03 10:38:26,100 | INFO  | main                             |    Evaluation key
!Engine                       | 2024-01-03 10:38:26,100 | INFO  | main                             |    Add 5 connections for Bull DKU 7107
!Engine                       | 2024-01-03 10:38:26,100 | INFO  | main                             | Key: A7649C57F1D88D39-AA703DD5333E0778
!Engine                       | 2024-01-03 10:38:26,101 | INFO  | main                             |    Evaluation key
!Engine                       | 2024-01-03 10:38:26,101 | INFO  | main                             |    Add 5 connections for IBM 5250 (AS/400)
!Engine                       | 2024-01-03 10:38:26,101 | INFO  | main                             | Key: 7B053FE482794DAC-225EECF0442B2B82
!Engine                       | 2024-01-03 10:38:26,101 | INFO  | main                             |    Evaluation key
!Engine                       | 2024-01-03 10:38:26,101 | INFO  | main                             |    Add 5 connections for WEB
!Engine                       | 2024-01-03 10:38:26,101 | INFO  | main                             | Key: 54E94E4120D40FE8-633DB6B39AA1E844
!Engine                       | 2024-01-03 10:38:26,102 | INFO  | main                             |    Evaluation key
!Engine                       | 2024-01-03 10:38:26,102 | INFO  | main                             |    Add 5 connections for SAP JCO
!Engine                       | 2024-01-03 10:38:26,102 | INFO  | main                             | Key: 40A8B6A48EEE1AE7-445D98552B21F36E
!Engine                       | 2024-01-03 10:38:26,103 | INFO  | main                             |    Evaluation key
!Engine                       | 2024-01-03 10:38:26,103 | INFO  | main                             |    Add 1 connections for URL Mapper
!Engine                       | 2024-01-03 10:38:26,103 | INFO  | main                             | Key: 2E4E735649825787-3A46A2EC6B606B6D
!Engine                       | 2024-01-03 10:38:26,103 | INFO  | main                             |    Evaluation key
!Engine                       | 2024-01-03 10:38:26,104 | INFO  | main                             |    Add 1 connections for Full Sync
!Engine                       | 2024-01-03 10:38:26,104 | INFO  | main                             | Key: 6D558F84DFA595D6-8028037B27D5490C
!Engine                       | 2024-01-03 10:38:26,104 | INFO  | main                             |    Evaluation key
!Engine                       | 2024-01-03 10:38:26,104 | INFO  | main                             |    Add 1 connections for SQL
!Engine                       | 2024-01-03 10:38:26,104 | INFO  | main                             | Key: 01CDFB2BB36AF786-1D215B4DC14621C1
!Engine                       | 2024-01-03 10:38:26,105 | INFO  | main                             |    Evaluation key
!Engine                       | 2024-01-03 10:38:26,105 | INFO  | main                             |    Add 1 connections for Mobile Builder
!Engine                       | 2024-01-03 10:38:26,105 | INFO  | main                             | Key: FAC6D3ECC7AC2ED5-2D44A117AF851844
!Engine                       | 2024-01-03 10:38:26,105 | INFO  | main                             |    Evaluation key
!Engine                       | 2024-01-03 10:38:26,106 | INFO  | main                             |    Add 5 connections for IBM 3270
!Engine                       | 2024-01-03 10:38:26,106 | INFO  | main                             | Key: CFA76274E71C9C84-9E7BE22960463ED8
!Engine                       | 2024-01-03 10:38:26,106 | INFO  | main                             |    Evaluation key
!Engine                       | 2024-01-03 10:38:26,106 | INFO  | main                             |    Add 1 connections for Convertigo SDK
!Engine                       | 2024-01-03 10:38:26,106 | INFO  | main                             | ===============================
!Engine                       | 2024-01-03 10:38:26,106 | INFO  | main                             | Mobile Builder: 1
!Engine                       | 2024-01-03 10:38:26,106 | INFO  | main                             | Bull DKU 7107: 5
!Engine                       | 2024-01-03 10:38:26,106 | INFO  | main                             | Unix (VT220): 5
!Engine                       | 2024-01-03 10:38:26,106 | INFO  | main                             | IBM 3270: 5
!Engine                       | 2024-01-03 10:38:26,106 | INFO  | main                             | SQL: 1
!Engine                       | 2024-01-03 10:38:26,107 | INFO  | main                             | URL Mapper: 1
!Engine                       | 2024-01-03 10:38:26,107 | INFO  | main                             | IBM 5250 (AS/400): 5
!Engine                       | 2024-01-03 10:38:26,107 | INFO  | main                             | Convertigo SDK: 1
!Engine                       | 2024-01-03 10:38:26,107 | INFO  | main                             | WEB: 5
!Engine                       | 2024-01-03 10:38:26,107 | INFO  | main                             | SAP JCO: 5
!Engine                       | 2024-01-03 10:38:26,107 | INFO  | main                             | Full Sync: 1
!Engine                       | 2024-01-03 10:38:26,107 | INFO  | main                             | CouchDB: 1
!Engine                       | 2024-01-03 10:38:26,107 | INFO  | main                             | Standard Edition: 5
!Engine                       | 2024-01-03 10:38:26,107 | INFO  | main                             | ===============================
!Engine                       | 2024-01-03 10:38:26,226 | WARN  | main                             | Trying to start Xvnc on Linux without DISPLAY environment variable !
!Engine                       | 2024-01-03 10:38:26,227 | INFO  | main                             | Convertigo engine started
!Engine                       | 2024-01-03 10:38:26,236 | INFO  | main                             | Search for JNDI datasources:
!Engine                       | 2024-01-03 10:38:26,241 | INFO  | main                             | Search for JNDI found 0 DataSource(s): []
!Engine                       | 2024-01-03 10:38:26,315 | INFO  | Migration                        | Migration starting...
!Engine                       | 2024-01-03 10:38:26,317 | INFO  | Migration                        | Migration finished
!Engine                       | 2024-01-03 10:38:26,318 | INFO  | Migration                        | Convertigo engine will load: []
!Engine                       | 2024-01-03 10:38:26,318 | INFO  | Migration                        | Convertigo will run auto start Sequences.
!Engine                       | 2024-01-03 10:38:27,211 | INFO  | prefetchDatabaseObjects          | (CachedIntrospector) 443 beans prefetched in 1172 ms
!SecurityFilter               | 2024-01-03 10:38:37,761 | WARN  | http-nio-28080-exec-3            | parse skipped, security filter is disabled
